<?xml version="1.0" encoding="UTF-8"?>
<!-- Generated by org.testng.reporters.JUnitReportReporter -->
<testsuite hostname="DESKTOP-Q9CLIP0" failures="0" tests="1" name="com.valuelabs.pageobjectsrepo.KuwaitHomePage" time="2.156" errors="0" timestamp="2023-01-04T18:45:57 IST" skipped="0">
  <testcase classname="com.valuelabs.pageobjectsrepo.KuwaitHomePage" name="ValidateKSAHomePage" time="2.156"/>
  <system-out/>
</testsuite> <!-- com.valuelabs.pageobjectsrepo.KuwaitHomePage -->
