<?xml version="1.0" encoding="UTF-8"?>
<!-- Generated by org.testng.reporters.JUnitReportReporter -->
<testsuite hostname="DESKTOP-Q9CLIP0" failures="0" tests="3" name="com.valuelabs.testcases.TC_ValidateKuwaitHomePage" time="7.552" errors="0" timestamp="2023-01-04T23:41:45 IST" skipped="0">
  <testcase classname="com.valuelabs.testcases.TC_ValidateKuwaitHomePage" name="ValidatePlanPriceCurrencyForKuwait" time="2.587"/>
  <system-out/>
  <testcase classname="com.valuelabs.testcases.TC_ValidateKuwaitHomePage" name="ValidatePlanPriceCurrencyForBahrain" time="2.534"/>
  <system-out/>
  <testcase classname="com.valuelabs.testcases.TC_ValidateKuwaitHomePage" name="ValidatePlanPriceCurrencyForKSA" time="2.431"/>
  <system-out/>
</testsuite> <!-- com.valuelabs.testcases.TC_ValidateKuwaitHomePage -->
